[debug] [2025-08-10T02:00:23.470Z] ----------------------------------------------------------------------
[debug] [2025-08-10T02:00:23.472Z] Command:       C:\Program Files\nodejs\node.exe C:\Users\coope_e7jsg6y\AppData\Roaming\npm\node_modules\firebase-tools\lib\bin\firebase.js init hosting
[debug] [2025-08-10T02:00:23.473Z] CLI Version:   14.12.0
[debug] [2025-08-10T02:00:23.473Z] Platform:      win32
[debug] [2025-08-10T02:00:23.473Z] Node Version:  v22.17.0
[debug] [2025-08-10T02:00:23.473Z] Time:          Sat Aug 09 2025 23:00:23 GMT-0300 (Horário Padrão de Brasília)
[debug] [2025-08-10T02:00:23.473Z] ----------------------------------------------------------------------
[debug] 
[debug] [2025-08-10T02:00:23.475Z] >>> [apiv2][query] GET https://firebase-public.firebaseio.com/cli.json [none]
[debug] [2025-08-10T02:00:23.687Z] > command requires scopes: ["email","openid","https://www.googleapis.com/auth/cloudplatformprojects.readonly","https://www.googleapis.com/auth/firebase","https://www.googleapis.com/auth/cloud-platform"]
[debug] [2025-08-10T02:00:23.687Z] > authorizing via signed-in user (thalesalcantara88@gmail.com)
[info] 
     ######## #### ########  ######## ########     ###     ######  ########
     ##        ##  ##     ## ##       ##     ##  ##   ##  ##       ##
     ######    ##  ########  ######   ########  #########  ######  ######
     ##        ##  ##    ##  ##       ##     ## ##     ##       ## ##
     ##       #### ##     ## ######## ########  ##     ##  ######  ########

You're about to initialize a Firebase project in this directory:

  C:\Users\coope_e7jsg6y\OneDrive\Área de Trabalho\financas

Before we get started, keep in mind:

  * You are initializing within an existing Firebase project directory

[debug] [2025-08-10T02:00:24.130Z] <<< [apiv2][status] GET https://firebase-public.firebaseio.com/cli.json 200
[debug] [2025-08-10T02:00:24.130Z] <<< [apiv2][body] GET https://firebase-public.firebaseio.com/cli.json {"cloudBuildErrorAfter":1594252800000,"cloudBuildWarnAfter":1590019200000,"defaultNode10After":1594252800000,"minVersion":"3.0.5","node8DeploysDisabledAfter":1613390400000,"node8RuntimeDisabledAfter":1615809600000,"node8WarnAfter":1600128000000}
[info] 
=== Project Setup
[info] 
[info] First, let's associate this project directory with a Firebase project.
[info] You can create multiple project aliases by running firebase use --add, 
[info] but for now we'll just set up a default project.
[info] 
[debug] [2025-08-10T02:00:32.388Z] Using project from CLI flag: kratosfinancas
[debug] [2025-08-10T02:00:32.389Z] Checked if tokens are valid: false, expires at: 1754687166367
[debug] [2025-08-10T02:00:32.389Z] Checked if tokens are valid: false, expires at: 1754687166367
[debug] [2025-08-10T02:00:32.389Z] > refreshing access token with scopes: []
[debug] [2025-08-10T02:00:32.390Z] >>> [apiv2][query] POST https://www.googleapis.com/oauth2/v3/token [none]
[debug] [2025-08-10T02:00:32.390Z] >>> [apiv2][body] POST https://www.googleapis.com/oauth2/v3/token [omitted]
[debug] [2025-08-10T02:00:32.666Z] <<< [apiv2][status] POST https://www.googleapis.com/oauth2/v3/token 200
[debug] [2025-08-10T02:00:32.666Z] <<< [apiv2][body] POST https://www.googleapis.com/oauth2/v3/token [omitted]
[debug] [2025-08-10T02:00:32.670Z] >>> [apiv2][query] GET https://firebase.googleapis.com/v1beta1/projects/kratosfinancas [none]
[debug] [2025-08-10T02:00:33.224Z] <<< [apiv2][status] GET https://firebase.googleapis.com/v1beta1/projects/kratosfinancas 200
[debug] [2025-08-10T02:00:33.224Z] <<< [apiv2][body] GET https://firebase.googleapis.com/v1beta1/projects/kratosfinancas {"projectId":"kratosfinancas","projectNumber":"740158664268","displayName":"kratosfinancas","name":"projects/kratosfinancas","resources":{"hostingSite":"kratosfinancas"},"state":"ACTIVE","etag":"1_00719d99-0f0c-4701-bdcb-438754a1507b"}
[info] i  Using project kratosfinancas (kratosfinancas) 
[info] 
=== Hosting Setup
[debug] [2025-08-10T02:00:33.479Z] Checked if tokens are valid: true, expires at: 1754794831666
[debug] [2025-08-10T02:00:33.479Z] Checked if tokens are valid: true, expires at: 1754794831666
[debug] [2025-08-10T02:00:33.479Z] >>> [apiv2][query] GET https://firebase.googleapis.com/v1beta1/projects/kratosfinancas [none]
[debug] [2025-08-10T02:00:33.856Z] <<< [apiv2][status] GET https://firebase.googleapis.com/v1beta1/projects/kratosfinancas 200
[debug] [2025-08-10T02:00:33.856Z] <<< [apiv2][body] GET https://firebase.googleapis.com/v1beta1/projects/kratosfinancas {"projectId":"kratosfinancas","projectNumber":"740158664268","displayName":"kratosfinancas","name":"projects/kratosfinancas","resources":{"hostingSite":"kratosfinancas"},"state":"ACTIVE","etag":"1_00719d99-0f0c-4701-bdcb-438754a1507b"}
[info] 
[info] Your public directory is the folder (relative to your project directory) that
[info] will contain Hosting assets to be uploaded with firebase deploy. If you
[info] have a build process for your assets, use your build's output directory.
[info] 
