[debug] [2025-08-08T17:16:18.319Z] ----------------------------------------------------------------------
[debug] [2025-08-08T17:16:18.321Z] Command:       C:\Program Files\nodejs\node.exe C:\Users\coope_e7jsg6y\AppData\Roaming\npm\node_modules\firebase-tools\lib\bin\firebase.js init hosting
[debug] [2025-08-08T17:16:18.321Z] CLI Version:   14.11.0
[debug] [2025-08-08T17:16:18.321Z] Platform:      win32
[debug] [2025-08-08T17:16:18.321Z] Node Version:  v22.17.0
[debug] [2025-08-08T17:16:18.322Z] Time:          Fri Aug 08 2025 14:16:18 GMT-0300 (Horário Padrão de Brasília)
[debug] [2025-08-08T17:16:18.322Z] ----------------------------------------------------------------------
[debug] 
[debug] [2025-08-08T17:16:18.323Z] >>> [apiv2][query] GET https://firebase-public.firebaseio.com/cli.json [none]
[debug] [2025-08-08T17:16:18.500Z] > command requires scopes: ["email","openid","https://www.googleapis.com/auth/cloudplatformprojects.readonly","https://www.googleapis.com/auth/firebase","https://www.googleapis.com/auth/cloud-platform"]
[debug] [2025-08-08T17:16:18.500Z] > authorizing via signed-in user (thalesalcantara88@gmail.com)
[info] 
     ######## #### ########  ######## ########     ###     ######  ########
     ##        ##  ##     ## ##       ##     ##  ##   ##  ##       ##
     ######    ##  ########  ######   ########  #########  ######  ######
     ##        ##  ##    ##  ##       ##     ## ##     ##       ## ##
     ##       #### ##     ## ######## ########  ##     ##  ######  ########

You're about to initialize a Firebase project in this directory:

  C:\Users\coope_e7jsg6y

Before we get started, keep in mind:

  * You are initializing within an existing Firebase project directory

[debug] [2025-08-08T17:16:19.002Z] <<< [apiv2][status] GET https://firebase-public.firebaseio.com/cli.json 200
[debug] [2025-08-08T17:16:19.003Z] <<< [apiv2][body] GET https://firebase-public.firebaseio.com/cli.json {"cloudBuildErrorAfter":1594252800000,"cloudBuildWarnAfter":1590019200000,"defaultNode10After":1594252800000,"minVersion":"3.0.5","node8DeploysDisabledAfter":1613390400000,"node8RuntimeDisabledAfter":1615809600000,"node8WarnAfter":1600128000000}
[info] 
=== Project Setup
[info] 
[info] First, let's associate this project directory with a Firebase project.
[info] You can create multiple project aliases by running firebase use --add, 
[info] but for now we'll just set up a default project.
[info] 
[debug] [2025-08-08T17:16:27.031Z] Using project from CLI flag: dnacenter-706e9
[debug] [2025-08-08T17:16:27.032Z] Checked if tokens are valid: false, expires at: 1752793445694
[debug] [2025-08-08T17:16:27.032Z] Checked if tokens are valid: false, expires at: 1752793445694
[debug] [2025-08-08T17:16:27.032Z] > refreshing access token with scopes: []
[debug] [2025-08-08T17:16:27.033Z] >>> [apiv2][query] POST https://www.googleapis.com/oauth2/v3/token [none]
[debug] [2025-08-08T17:16:27.033Z] >>> [apiv2][body] POST https://www.googleapis.com/oauth2/v3/token [omitted]
[debug] [2025-08-08T17:16:27.597Z] <<< [apiv2][status] POST https://www.googleapis.com/oauth2/v3/token 200
[debug] [2025-08-08T17:16:27.597Z] <<< [apiv2][body] POST https://www.googleapis.com/oauth2/v3/token [omitted]
[debug] [2025-08-08T17:16:27.601Z] >>> [apiv2][query] GET https://firebase.googleapis.com/v1beta1/projects/dnacenter-706e9 [none]
[debug] [2025-08-08T17:16:28.269Z] <<< [apiv2][status] GET https://firebase.googleapis.com/v1beta1/projects/dnacenter-706e9 200
[debug] [2025-08-08T17:16:28.269Z] <<< [apiv2][body] GET https://firebase.googleapis.com/v1beta1/projects/dnacenter-706e9 {"projectId":"dnacenter-706e9","projectNumber":"902950556823","displayName":"dnacenter","name":"projects/dnacenter-706e9","resources":{"hostingSite":"dnacenter-706e9"},"state":"ACTIVE","etag":"1_d0b19359-a7a5-4da5-be1f-24e763ad887e"}
[info] i  Using project dnacenter-706e9 (dnacenter) 
[info] 
=== Hosting Setup
[debug] [2025-08-08T17:16:28.277Z] Checked if tokens are valid: true, expires at: 1754676986597
[debug] [2025-08-08T17:16:28.277Z] Checked if tokens are valid: true, expires at: 1754676986597
[debug] [2025-08-08T17:16:28.278Z] >>> [apiv2][query] GET https://firebase.googleapis.com/v1beta1/projects/dnacenter-706e9 [none]
[debug] [2025-08-08T17:16:28.661Z] <<< [apiv2][status] GET https://firebase.googleapis.com/v1beta1/projects/dnacenter-706e9 200
[debug] [2025-08-08T17:16:28.661Z] <<< [apiv2][body] GET https://firebase.googleapis.com/v1beta1/projects/dnacenter-706e9 {"projectId":"dnacenter-706e9","projectNumber":"902950556823","displayName":"dnacenter","name":"projects/dnacenter-706e9","resources":{"hostingSite":"dnacenter-706e9"},"state":"ACTIVE","etag":"1_d0b19359-a7a5-4da5-be1f-24e763ad887e"}
[info] 
[info] Your public directory is the folder (relative to your project directory) that
[info] will contain Hosting assets to be uploaded with firebase deploy. If you
[info] have a build process for your assets, use your build's output directory.
[info] 
[debug] [2025-08-08T17:17:24.522Z] >>> [apiv2][query] GET https://www.gstatic.com/firebasejs/releases.json [none]
[debug] [2025-08-08T17:17:24.890Z] <<< [apiv2][status] GET https://www.gstatic.com/firebasejs/releases.json 200
[debug] [2025-08-08T17:17:24.890Z] <<< [apiv2][body] GET https://www.gstatic.com/firebasejs/releases.json {"current":{"version":"12.1.0","browserURL":"https://www.gstatic.com/firebasejs/12.1.0/firebase.js","packageURL":"https://www.gstatic.com/firebasejs/12.1.0/firebase.tgz"},"live":{"version":"12.1","browserURL":"https://www.gstatic.com/firebasejs/live/12.1/firebase.js","packageURL":"https://www.gstatic.com/firebasejs/live/12.1/firebase.tgz"},"components":{"ai":"https://www.gstatic.com/firebasejs/12.1.0/firebase-ai.js","analytics":"https://www.gstatic.com/firebasejs/12.1.0/firebase-analytics.js","app":"https://www.gstatic.com/firebasejs/12.1.0/firebase-app.js","app-check":"https://www.gstatic.com/firebasejs/12.1.0/firebase-app-check.js","auth":"https://www.gstatic.com/firebasejs/12.1.0/firebase-auth.js","auth/cordova":"https://www.gstatic.com/firebasejs/12.1.0/firebase-auth/cordova.js","auth/web-extension":"https://www.gstatic.com/firebasejs/12.1.0/firebase-auth/web-extension.js","functions":"https://www.gstatic.com/firebasejs/12.1.0/firebase-functions.js","firestore":"https://www.gstatic.com/firebasejs/12.1.0/firebase-firestore.js","firestore/lite":"https://www.gstatic.com/firebasejs/12.1.0/firebase-firestore/lite.js","installations":"https://www.gstatic.com/firebasejs/12.1.0/firebase-installations.js","storage":"https://www.gstatic.com/firebasejs/12.1.0/firebase-storage.js","performance":"https://www.gstatic.com/firebasejs/12.1.0/firebase-performance.js","remote-config":"https://www.gstatic.com/firebasejs/12.1.0/firebase-remote-config.js","messaging":"https://www.gstatic.com/firebasejs/12.1.0/firebase-messaging.js","messaging/sw":"https://www.gstatic.com/firebasejs/12.1.0/firebase-messaging/sw.js","database":"https://www.gstatic.com/firebasejs/12.1.0/firebase-database.js","data-connect":"https://www.gstatic.com/firebasejs/12.1.0/firebase-data-connect.js","firestore.memory":"https://www.gstatic.com/firebasejs/12.1.0/firebase-firestore.memory.js"}}
[info] +  Wrote public/index.html 
[info] 
[info] i  Didn't detect a .git folder. Assuming C:\Users\coope_e7jsg6y\OneDrive\Área de Trabalho\finanças\kratos-financas is the project root. 
[info] i  Authorizing with GitHub to upload your service account to a GitHub repository's secrets store. 
[info] 
[info] Visit this URL on this device to log in:
[info] https://github.com/login/oauth/authorize?client_id=89cf50f02ac6aaed3484&state=38536611&redirect_uri=http%3A%2F%2Flocalhost%3A9005&scope=read%3Auser%20repo%20public_repo
[info] 
[info] Waiting for authentication...
[debug] [2025-08-08T17:17:41.443Z] >>> [apiv2][query] POST https://github.com/login/oauth/access_token [none]
[debug] [2025-08-08T17:17:41.443Z] >>> [apiv2][body] POST https://github.com/login/oauth/access_token [stream]
[debug] [2025-08-08T17:17:41.937Z] <<< [apiv2][status] POST https://github.com/login/oauth/access_token 200
[debug] [2025-08-08T17:17:41.938Z] <<< [apiv2][body] POST https://github.com/login/oauth/access_token {"access_token":"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","token_type":"bearer","scope":"read:user,repo"}
[debug] [2025-08-08T17:17:41.948Z] >>> [apiv2][query] GET https://api.github.com/user [none]
[debug] [2025-08-08T17:17:42.488Z] <<< [apiv2][status] GET https://api.github.com/user 200
[debug] [2025-08-08T17:17:42.488Z] <<< [apiv2][body] GET https://api.github.com/user {"login":"thalesalcantara","id":218398974,"node_id":"U_kgDODQSA_g","avatar_url":"https://avatars.githubusercontent.com/u/218398974?v=4","gravatar_id":"","url":"https://api.github.com/users/thalesalcantara","html_url":"https://github.com/thalesalcantara","followers_url":"https://api.github.com/users/thalesalcantara/followers","following_url":"https://api.github.com/users/thalesalcantara/following{/other_user}","gists_url":"https://api.github.com/users/thalesalcantara/gists{/gist_id}","starred_url":"https://api.github.com/users/thalesalcantara/starred{/owner}{/repo}","subscriptions_url":"https://api.github.com/users/thalesalcantara/subscriptions","organizations_url":"https://api.github.com/users/thalesalcantara/orgs","repos_url":"https://api.github.com/users/thalesalcantara/repos","events_url":"https://api.github.com/users/thalesalcantara/events{/privacy}","received_events_url":"https://api.github.com/users/thalesalcantara/received_events","type":"User","user_view_type":"private","site_admin":false,"name":"Coopex Entregas ","company":null,"blog":"","location":null,"email":null,"hireable":null,"bio":null,"twitter_username":null,"notification_email":null,"public_repos":25,"public_gists":0,"followers":0,"following":0,"created_at":"2025-06-28T18:04:32Z","updated_at":"2025-08-05T17:13:23Z","private_gists":0,"total_private_repos":2,"owned_private_repos":2,"disk_usage":66844,"collaborators":0,"two_factor_authentication":false,"plan":{"name":"free","space":976562499,"collaborators":0,"private_repos":10000}}
[info] 
[info] +  Success! Logged into GitHub as thalesalcantara 
[info] 
[debug] [2025-08-08T17:21:16.857Z] ExitPromptError: User force closed the prompt with SIGINT
    at Interface.sigint (C:\Users\coope_e7jsg6y\AppData\Roaming\npm\node_modules\firebase-tools\node_modules\@inquirer\core\dist\commonjs\lib\create-prompt.js:101:37)
    at Interface.emit (node:events:518:28)
    at Interface.emit (node:domain:489:12)
    at [_ttyWrite] [as _ttyWrite] (node:internal/readline/interface:1132:18)
    at ReadStream.onkeypress (node:internal/readline/interface:271:20)
    at ReadStream.emit (node:events:530:35)
    at ReadStream.emit (node:domain:489:12)
    at emitKeys (node:internal/readline/utils:370:14)
    at emitKeys.next (<anonymous>)
    at ReadStream.onData (node:internal/readline/emitKeypressEvents:64:36)
[error] 
[error] Error: An unexpected error has occurred.
